Release 13.2 - ngc2edif O.61xd (nt64)
Copyright (c) 1995-2011 Xilinx, Inc.  All rights reserved.
Reading design Modos.ngc ...
WARNING:NetListWriters:298 - No output is written to Modos.xncf, ignored.
Processing design ...
   Preping design's networks ...
   Preping design's macros ...
WARNING:NetListWriters:306 - Signal bus k_out<16 : 2> on block Modos is not
   reconstructed, because there are some missing bus signals.
WARNING:NetListWriters:306 - Signal bus
   visualiza_dos/Mcompar_display_cmp_ge0000_lut<7 : 0> on block Modos is not
   reconstructed, because there are some missing bus signals.
  finished :Prep
Writing EDIF netlist file Modos.edif ...
ngc2edif: Total memory usage is 97148 kilobytes

Release 13.2 - ngc2edif O.61xd (nt64)
Copyright (c) 1995-2011 Xilinx, Inc.  All rights reserved.
Reading design Modos.ngc ...
WARNING:NetListWriters:298 - No output is written to Modos.xncf, ignored.
Processing design ...
   Preping design's networks ...
   Preping design's macros ...
WARNING:NetListWriters:306 - Signal bus k_out<16 : 2> on block Modos is not
   reconstructed, because there are some missing bus signals.
WARNING:NetListWriters:306 - Signal bus
   visualiza_dos/Mcompar_display_cmp_ge0000_lut<7 : 0> on block Modos is not
   reconstructed, because there are some missing bus signals.
  finished :Prep
Writing EDIF netlist file Modos.edif ...
ngc2edif: Total memory usage is 98044 kilobytes

Release 13.2 - ngc2edif O.61xd (nt64)
Copyright (c) 1995-2011 Xilinx, Inc.  All rights reserved.
Reading design Modos.ngc ...
WARNING:NetListWriters:298 - No output is written to Modos.xncf, ignored.
Processing design ...
   Preping design's networks ...
   Preping design's macros ...
WARNING:NetListWriters:306 - Signal bus k_out<16 : 2> on block Modos is not
   reconstructed, because there are some missing bus signals.
WARNING:NetListWriters:306 - Signal bus
   visualiza_dos/Mcompar_display_cmp_ge0000_lut<7 : 0> on block Modos is not
   reconstructed, because there are some missing bus signals.
  finished :Prep
Writing EDIF netlist file Modos.edif ...
ngc2edif: Total memory usage is 97788 kilobytes

